Determining if the pthread_create exist failed with the following output:
Change Dir: /home/liz/cs424prj3/fruit_bot/build/CMakeFiles/CMakeTmp

Run Build Command:"/usr/bin/make" "cmTC_52a07/fast"
/usr/bin/make -f CMakeFiles/cmTC_52a07.dir/build.make CMakeFiles/cmTC_52a07.dir/build
make[1]: Entering directory '/home/liz/cs424prj3/fruit_bot/build/CMakeFiles/CMakeTmp'
Building C object CMakeFiles/cmTC_52a07.dir/CheckSymbolExists.c.o
/usr/bin/cc    -o CMakeFiles/cmTC_52a07.dir/CheckSymbolExists.c.o   -c /home/liz/cs424prj3/fruit_bot/build/CMakeFiles/CMakeTmp/CheckSymbolExists.c
Linking C executable cmTC_52a07
/usr/bin/cmake -E cmake_link_script CMakeFiles/cmTC_52a07.dir/link.txt --verbose=1
/usr/bin/cc      -rdynamic CMakeFiles/cmTC_52a07.dir/CheckSymbolExists.c.o  -o cmTC_52a07 
CMakeFiles/cmTC_52a07.dir/CheckSymbolExists.c.o: In function `main':
CheckSymbolExists.c:(.text+0x1b): undefined reference to `pthread_create'
collect2: error: ld returned 1 exit status
CMakeFiles/cmTC_52a07.dir/build.make:97: recipe for target 'cmTC_52a07' failed
make[1]: *** [cmTC_52a07] Error 1
make[1]: Leaving directory '/home/liz/cs424prj3/fruit_bot/build/CMakeFiles/CMakeTmp'
Makefile:126: recipe for target 'cmTC_52a07/fast' failed
make: *** [cmTC_52a07/fast] Error 2

File /home/liz/cs424prj3/fruit_bot/build/CMakeFiles/CMakeTmp/CheckSymbolExists.c:
/* */
#include <pthread.h>

int main(int argc, char** argv)
{
  (void)argv;
#ifndef pthread_create
  return ((int*)(&pthread_create))[argc];
#else
  (void)argc;
  return 0;
#endif
}

Determining if the function pthread_create exists in the pthreads failed with the following output:
Change Dir: /home/liz/cs424prj3/fruit_bot/build/CMakeFiles/CMakeTmp

Run Build Command:"/usr/bin/make" "cmTC_5520f/fast"
/usr/bin/make -f CMakeFiles/cmTC_5520f.dir/build.make CMakeFiles/cmTC_5520f.dir/build
make[1]: Entering directory '/home/liz/cs424prj3/fruit_bot/build/CMakeFiles/CMakeTmp'
Building C object CMakeFiles/cmTC_5520f.dir/CheckFunctionExists.c.o
/usr/bin/cc   -DCHECK_FUNCTION_EXISTS=pthread_create   -o CMakeFiles/cmTC_5520f.dir/CheckFunctionExists.c.o   -c /usr/share/cmake-3.10/Modules/CheckFunctionExists.c
Linking C executable cmTC_5520f
/usr/bin/cmake -E cmake_link_script CMakeFiles/cmTC_5520f.dir/link.txt --verbose=1
/usr/bin/cc  -DCHECK_FUNCTION_EXISTS=pthread_create    -rdynamic CMakeFiles/cmTC_5520f.dir/CheckFunctionExists.c.o  -o cmTC_5520f -lpthreads 
/usr/bin/ld: cannot find -lpthreads
collect2: error: ld returned 1 exit status
CMakeFiles/cmTC_5520f.dir/build.make:97: recipe for target 'cmTC_5520f' failed
make[1]: *** [cmTC_5520f] Error 1
make[1]: Leaving directory '/home/liz/cs424prj3/fruit_bot/build/CMakeFiles/CMakeTmp'
Makefile:126: recipe for target 'cmTC_5520f/fast' failed
make: *** [cmTC_5520f/fast] Error 2


